#
# A fatal error has been detected by the Java Runtime Environment:
#
#  Internal Error (javaClasses.cpp:129), pid=1780, tid=3420
#  fatal error: Invalid layout of preloaded class
#
# JRE version: 7.0_09-b05
# Java VM: Java HotSpot(TM) Client VM (23.5-b02 mixed mode windows-x86 )
# Failed to write core dump. Minidumps are not enabled by default on client versions of Windows
#
# If you would like to submit a bug report, please visit:
#   http://bugreport.sun.com/bugreport/crash.jsp
#

---------------  T H R E A D  ---------------

Current thread (0x00878c00):  JavaThread "Unknown thread" [_thread_in_vm, id=3420, stack(0x00960000,0x009b0000)]

Stack: [0x00960000,0x009b0000],  sp=0x009afb2c,  free space=318k
Native frames: (J=compiled Java code, j=interpreted, Vv=VM code, C=native code)
V  [jvm.dll+0x16f2f1]
V  [jvm.dll+0x169496]
V  [jvm.dll+0x2082f]
V  [jvm.dll+0x208b6]
V  [jvm.dll+0x2e64d]
V  [jvm.dll+0x2e8f9]
V  [jvm.dll+0x77d01]
V  [jvm.dll+0x780bb]
V  [jvm.dll+0x1290e1]
V  [jvm.dll+0x149b8a]
V  [jvm.dll+0xa997f]
C  [javaw.exe+0x1359]
C  [javaw.exe+0x1dbb]
C  [javaw.exe+0xa0eb]
C  [javaw.exe+0xa175]
C  [kernel32.dll+0xb729]  GetModuleFileNameA+0x1ba


---------------  P R O C E S S  ---------------

Java Threads: ( => current thread )

Other Threads:

=>0x00878c00 (exited) JavaThread "Unknown thread" [_thread_in_vm, id=3420, stack(0x00960000,0x009b0000)]

VM state:not at safepoint (not fully initialized)

VM Mutex/Monitor currently owned by a thread: None

GC Heap History (0 events):
No events

Deoptimization events (0 events):
No events

Internal exceptions (0 events):
No events

Events (10 events):
Event: 0.012 loading class 0x0087fd28 done
Event: 0.012 loading class 0x0087f668 done
Event: 0.012 loading class 0x0087f640
Event: 0.012 loading class 0x02ad4518
Event: 0.012 loading class 0x02ad4518 done
Event: 0.012 loading class 0x02ad4550
Event: 0.012 loading class 0x02ad4550 done
Event: 0.012 loading class 0x02ad4588
Event: 0.012 loading class 0x02ad4588 done
Event: 0.012 loading class 0x0087f640 done


Dynamic libraries:
0x00400000 - 0x0042f000 	D:\Program Files\Java\jre7\bin\javaw.exe
0x7c900000 - 0x7c9b2000 	D:\WINDOWS\system32\ntdll.dll
0x7c800000 - 0x7c8f6000 	D:\WINDOWS\system32\kernel32.dll
0x64d00000 - 0x64d34000 	D:\Program Files\Alwil Software\Avast5\snxhk.dll
0x77dd0000 - 0x77e6b000 	D:\WINDOWS\system32\ADVAPI32.dll
0x77e70000 - 0x77f03000 	D:\WINDOWS\system32\RPCRT4.dll
0x77fe0000 - 0x77ff1000 	D:\WINDOWS\system32\Secur32.dll
0x7e410000 - 0x7e4a1000 	D:\WINDOWS\system32\USER32.dll
0x77f10000 - 0x77f59000 	D:\WINDOWS\system32\GDI32.dll
0x773d0000 - 0x774d3000 	D:\WINDOWS\WinSxS\x86_Microsoft.Windows.Common-Controls_6595b64144ccf1df_6.0.2600.6028_x-ww_61e65202\COMCTL32.dll
0x77c10000 - 0x77c68000 	D:\WINDOWS\system32\msvcrt.dll
0x77f60000 - 0x77fd6000 	D:\WINDOWS\system32\SHLWAPI.dll
0x76390000 - 0x763ad000 	D:\WINDOWS\system32\IMM32.DLL
0x629c0000 - 0x629c9000 	D:\WINDOWS\system32\LPK.DLL
0x74d90000 - 0x74dfb000 	D:\WINDOWS\system32\USP10.dll
0x78aa0000 - 0x78b5e000 	D:\Program Files\Java\jre7\bin\msvcr100.dll
0x6e750000 - 0x6ea9d000 	D:\Program Files\Java\jre7\bin\client\jvm.dll
0x71ad0000 - 0x71ad9000 	D:\WINDOWS\system32\WSOCK32.dll
0x71ab0000 - 0x71ac7000 	D:\WINDOWS\system32\WS2_32.dll
0x71aa0000 - 0x71aa8000 	D:\WINDOWS\system32\WS2HELP.dll
0x76b40000 - 0x76b6d000 	D:\WINDOWS\system32\WINMM.dll
0x76bf0000 - 0x76bfb000 	D:\WINDOWS\system32\PSAPI.DLL
0x6e6a0000 - 0x6e6ac000 	D:\Program Files\Java\jre7\bin\verify.dll
0x6d480000 - 0x6d4a0000 	D:\Program Files\Java\jre7\bin\java.dll
0x6e730000 - 0x6e743000 	D:\Program Files\Java\jre7\bin\zip.dll
0x59a60000 - 0x59b01000 	D:\WINDOWS\system32\dbghelp.dll
0x77c00000 - 0x77c08000 	D:\WINDOWS\system32\VERSION.dll

VM Arguments:
jvm_args: -Dfile.encoding=Cp1252 -Xbootclasspath:D:\Program Files\Android\android-sdk\platforms\android-16\android.jar 
java_command: org.eclipse.jdt.internal.junit.runner.RemoteTestRunner -version 3 -port 2621 -testLoaderClass org.eclipse.jdt.internal.junit.runner.junit3.JUnit3TestLoader -loaderpluginname org.eclipse.jdt.junit.runtime -test neuburger.othello.testFlipPieces:testFlipVerticalUp
Launcher Type: SUN_STANDARD

Environment Variables:
CLASSPATH=.;D:\Program Files\QuickTime\QTSystem\QTJava.zip
PATH=D:/Program Files/Java/jre7/bin/client;D:/Program Files/Java/jre7/bin;D:/Program Files/Java/jre7/lib/i386;D:\WINDOWS\system32;D:\WINDOWS;D:\WINDOWS\system32\wbem;D:\Program Files\QuickTime\QTSystem;;D:\Program Files\Microsoft SQL Server\90\Tools\binn;D:\Program Files\Common Files\Intuit\QBPOSSDKRuntime;D:\Program Files\Microsoft SQL Server\100\Tools\Binn\;D:\Program Files\Microsoft SQL Server\100\DTS\Binn\;D:\Program Files\Microsoft ASP.NET\ASP.NET Web Pages\v1.0\;D:\Program Files\SSH Communications Security\SSH Secure Shell;D:\Documents and Settings\ShoshanaN\Desktop\programs installed\eclipse-java-galileo-win32 (1)\eclipse;
USERNAME=ShoshanaN
OS=Windows_NT
PROCESSOR_IDENTIFIER=x86 Family 6 Model 23 Stepping 10, GenuineIntel



---------------  S Y S T E M  ---------------

OS: Windows XP Build 2600 Service Pack 3

CPU:total 2 (2 cores per cpu, 1 threads per core) family 6 model 23 stepping 10, cmov, cx8, fxsr, mmx, sse, sse2, sse3, ssse3, sse4.1, tsc

Memory: 4k page, physical 3099744k(1458188k free), swap 7584188k(5382664k free)

vm_info: Java HotSpot(TM) Client VM (23.5-b02) for windows-x86 JRE (1.7.0_09-b05), built on Sep 24 2012 22:01:33 by "java_re" with unknown MS VC++:1600

time: Tue Dec 04 11:26:43 2012
elapsed time: 0 seconds

